<?xml version="1.0" encoding="UTF-8"?>
<testng-results ignored="0" total="61" passed="61" failed="0" skipped="0">
  <reporter-output>
  </reporter-output>
  <suite started-at="2023-08-23T17:02:11 IST" name="Default suite" finished-at="2023-08-23T17:16:11 IST" duration-ms="840217">
    <groups>
      <group name="cucumber">
        <method signature="AbstractTestNGCucumberTests.runScenario(io.cucumber.testng.PickleWrapper,io.cucumber.testng.FeatureWrapper)[pri:0, instance:Runner.TestRunner@782859e]" name="runScenario" class="io.cucumber.testng.AbstractTestNGCucumberTests"/>
      </group> <!-- cucumber -->
    </groups>
    <test started-at="2023-08-23T17:02:11 IST" name="Default test" finished-at="2023-08-23T17:16:11 IST" duration-ms="840217">
      <class name="Runner.TestRunner">
        <test-method is-config="true" signature="setUpClass(org.testng.ITestContext)[pri:0, instance:Runner.TestRunner@782859e]" started-at="2023-08-23T17:02:11 IST" name="setUpClass" finished-at="2023-08-23T17:02:12 IST" duration-ms="842" status="PASS">
          <params>
            <param index="0">
              <value>
                <![CDATA[org.testng.TestRunner@3cf083e1]]>
              </value>
            </param>
          </params>
          <reporter-output>
          </reporter-output>
        </test-method> <!-- setUpClass -->
        <test-method signature="runScenario(io.cucumber.testng.PickleWrapper,io.cucumber.testng.FeatureWrapper)[pri:0, instance:Runner.TestRunner@782859e]" started-at="2023-08-23T17:02:12 IST" name="runScenario" description="Runs Cucumber Scenarios" data-provider="scenarios" finished-at="2023-08-23T17:02:46 IST" duration-ms="34552" status="PASS">
          <params>
            <param index="0">
              <value>
                <![CDATA["Login to application"]]>
              </value>
            </param>
            <param index="1">
              <value>
                <![CDATA["Findings page"]]>
              </value>
            </param>
          </params>
          <reporter-output>
          </reporter-output>
        </test-method> <!-- runScenario -->
        <test-method signature="runScenario(io.cucumber.testng.PickleWrapper,io.cucumber.testng.FeatureWrapper)[pri:0, instance:Runner.TestRunner@782859e]" started-at="2023-08-23T17:02:46 IST" name="runScenario" description="Runs Cucumber Scenarios" data-provider="scenarios" finished-at="2023-08-23T17:02:57 IST" duration-ms="10406" status="PASS">
          <params>
            <param index="0">
              <value>
                <![CDATA["Check Finding page basic loading."]]>
              </value>
            </param>
            <param index="1">
              <value>
                <![CDATA["Findings page"]]>
              </value>
            </param>
          </params>
          <reporter-output>
          </reporter-output>
        </test-method> <!-- runScenario -->
        <test-method signature="runScenario(io.cucumber.testng.PickleWrapper,io.cucumber.testng.FeatureWrapper)[pri:0, instance:Runner.TestRunner@782859e]" started-at="2023-08-23T17:02:57 IST" name="runScenario" description="Runs Cucumber Scenarios" data-provider="scenarios" finished-at="2023-08-23T17:03:04 IST" duration-ms="7147" status="PASS">
          <params>
            <param index="0">
              <value>
                <![CDATA["Add Manual Finding"]]>
              </value>
            </param>
            <param index="1">
              <value>
                <![CDATA["Findings page"]]>
              </value>
            </param>
          </params>
          <reporter-output>
          </reporter-output>
        </test-method> <!-- runScenario -->
        <test-method signature="runScenario(io.cucumber.testng.PickleWrapper,io.cucumber.testng.FeatureWrapper)[pri:0, instance:Runner.TestRunner@782859e]" started-at="2023-08-23T17:03:04 IST" name="runScenario" description="Runs Cucumber Scenarios" data-provider="scenarios" finished-at="2023-08-23T17:03:08 IST" duration-ms="4572" status="PASS">
          <params>
            <param index="0">
              <value>
                <![CDATA["Add  comment"]]>
              </value>
            </param>
            <param index="1">
              <value>
                <![CDATA["Findings page"]]>
              </value>
            </param>
          </params>
          <reporter-output>
          </reporter-output>
        </test-method> <!-- runScenario -->
        <test-method signature="runScenario(io.cucumber.testng.PickleWrapper,io.cucumber.testng.FeatureWrapper)[pri:0, instance:Runner.TestRunner@782859e]" started-at="2023-08-23T17:03:08 IST" name="runScenario" description="Runs Cucumber Scenarios" data-provider="scenarios" finished-at="2023-08-23T17:03:21 IST" duration-ms="12395" status="PASS">
          <params>
            <param index="0">
              <value>
                <![CDATA["saved search for user"]]>
              </value>
            </param>
            <param index="1">
              <value>
                <![CDATA["Findings page"]]>
              </value>
            </param>
          </params>
          <reporter-output>
          </reporter-output>
        </test-method> <!-- runScenario -->
        <test-method signature="runScenario(io.cucumber.testng.PickleWrapper,io.cucumber.testng.FeatureWrapper)[pri:0, instance:Runner.TestRunner@782859e]" started-at="2023-08-23T17:03:21 IST" name="runScenario" description="Runs Cucumber Scenarios" data-provider="scenarios" finished-at="2023-08-23T17:03:32 IST" duration-ms="11623" status="PASS">
          <params>
            <param index="0">
              <value>
                <![CDATA["saved search for Teams"]]>
              </value>
            </param>
            <param index="1">
              <value>
                <![CDATA["Findings page"]]>
              </value>
            </param>
          </params>
          <reporter-output>
          </reporter-output>
        </test-method> <!-- runScenario -->
        <test-method signature="runScenario(io.cucumber.testng.PickleWrapper,io.cucumber.testng.FeatureWrapper)[pri:0, instance:Runner.TestRunner@782859e]" started-at="2023-08-23T17:03:32 IST" name="runScenario" description="Runs Cucumber Scenarios" data-provider="scenarios" finished-at="2023-08-23T17:03:38 IST" duration-ms="5040" status="PASS">
          <params>
            <param index="0">
              <value>
                <![CDATA["Select all"]]>
              </value>
            </param>
            <param index="1">
              <value>
                <![CDATA["Findings page"]]>
              </value>
            </param>
          </params>
          <reporter-output>
          </reporter-output>
        </test-method> <!-- runScenario -->
        <test-method signature="runScenario(io.cucumber.testng.PickleWrapper,io.cucumber.testng.FeatureWrapper)[pri:0, instance:Runner.TestRunner@782859e]" started-at="2023-08-23T17:03:38 IST" name="runScenario" description="Runs Cucumber Scenarios" data-provider="scenarios" finished-at="2023-08-23T17:03:45 IST" duration-ms="7594" status="PASS">
          <params>
            <param index="0">
              <value>
                <![CDATA["Add template in manual finding"]]>
              </value>
            </param>
            <param index="1">
              <value>
                <![CDATA["Findings page"]]>
              </value>
            </param>
          </params>
          <reporter-output>
          </reporter-output>
        </test-method> <!-- runScenario -->
        <test-method signature="runScenario(io.cucumber.testng.PickleWrapper,io.cucumber.testng.FeatureWrapper)[pri:0, instance:Runner.TestRunner@782859e]" started-at="2023-08-23T17:03:45 IST" name="runScenario" description="Runs Cucumber Scenarios" data-provider="scenarios" finished-at="2023-08-23T17:03:53 IST" duration-ms="7723" status="PASS">
          <params>
            <param index="0">
              <value>
                <![CDATA["Edit template in manual finding"]]>
              </value>
            </param>
            <param index="1">
              <value>
                <![CDATA["Findings page"]]>
              </value>
            </param>
          </params>
          <reporter-output>
          </reporter-output>
        </test-method> <!-- runScenario -->
        <test-method signature="runScenario(io.cucumber.testng.PickleWrapper,io.cucumber.testng.FeatureWrapper)[pri:0, instance:Runner.TestRunner@782859e]" started-at="2023-08-23T17:03:53 IST" name="runScenario" description="Runs Cucumber Scenarios" data-provider="scenarios" finished-at="2023-08-23T17:04:06 IST" duration-ms="13595" status="PASS">
          <params>
            <param index="0">
              <value>
                <![CDATA["save specific filter"]]>
              </value>
            </param>
            <param index="1">
              <value>
                <![CDATA["Findings page"]]>
              </value>
            </param>
          </params>
          <reporter-output>
          </reporter-output>
        </test-method> <!-- runScenario -->
        <test-method signature="runScenario(io.cucumber.testng.PickleWrapper,io.cucumber.testng.FeatureWrapper)[pri:0, instance:Runner.TestRunner@782859e]" started-at="2023-08-23T17:04:06 IST" name="runScenario" description="Runs Cucumber Scenarios" data-provider="scenarios" finished-at="2023-08-23T17:04:18 IST" duration-ms="11680" status="PASS">
          <params>
            <param index="0">
              <value>
                <![CDATA["Swith to aql filter"]]>
              </value>
            </param>
            <param index="1">
              <value>
                <![CDATA["Findings page"]]>
              </value>
            </param>
          </params>
          <reporter-output>
          </reporter-output>
        </test-method> <!-- runScenario -->
        <test-method signature="runScenario(io.cucumber.testng.PickleWrapper,io.cucumber.testng.FeatureWrapper)[pri:0, instance:Runner.TestRunner@782859e]" started-at="2023-08-23T17:04:18 IST" name="runScenario" description="Runs Cucumber Scenarios" data-provider="scenarios" finished-at="2023-08-23T17:04:33 IST" duration-ms="15324" status="PASS">
          <params>
            <param index="0">
              <value>
                <![CDATA["Change to confirm"]]>
              </value>
            </param>
            <param index="1">
              <value>
                <![CDATA["Findings page"]]>
              </value>
            </param>
          </params>
          <reporter-output>
          </reporter-output>
        </test-method> <!-- runScenario -->
        <test-method signature="runScenario(io.cucumber.testng.PickleWrapper,io.cucumber.testng.FeatureWrapper)[pri:0, instance:Runner.TestRunner@782859e]" started-at="2023-08-23T17:04:33 IST" name="runScenario" description="Runs Cucumber Scenarios" data-provider="scenarios" finished-at="2023-08-23T17:04:47 IST" duration-ms="13303" status="PASS">
          <params>
            <param index="0">
              <value>
                <![CDATA["Change to reopen"]]>
              </value>
            </param>
            <param index="1">
              <value>
                <![CDATA["Findings page"]]>
              </value>
            </param>
          </params>
          <reporter-output>
          </reporter-output>
        </test-method> <!-- runScenario -->
        <test-method signature="runScenario(io.cucumber.testng.PickleWrapper,io.cucumber.testng.FeatureWrapper)[pri:0, instance:Runner.TestRunner@782859e]" started-at="2023-08-23T17:04:47 IST" name="runScenario" description="Runs Cucumber Scenarios" data-provider="scenarios" finished-at="2023-08-23T17:05:03 IST" duration-ms="15986" status="PASS">
          <params>
            <param index="0">
              <value>
                <![CDATA["Change to False +ve normal flow"]]>
              </value>
            </param>
            <param index="1">
              <value>
                <![CDATA["Findings page"]]>
              </value>
            </param>
          </params>
          <reporter-output>
          </reporter-output>
        </test-method> <!-- runScenario -->
        <test-method signature="runScenario(io.cucumber.testng.PickleWrapper,io.cucumber.testng.FeatureWrapper)[pri:0, instance:Runner.TestRunner@782859e]" started-at="2023-08-23T17:05:03 IST" name="runScenario" description="Runs Cucumber Scenarios" data-provider="scenarios" finished-at="2023-08-23T17:05:20 IST" duration-ms="17350" status="PASS">
          <params>
            <param index="0">
              <value>
                <![CDATA["Change Severity"]]>
              </value>
            </param>
            <param index="1">
              <value>
                <![CDATA["Findings page"]]>
              </value>
            </param>
          </params>
          <reporter-output>
          </reporter-output>
        </test-method> <!-- runScenario -->
        <test-method signature="runScenario(io.cucumber.testng.PickleWrapper,io.cucumber.testng.FeatureWrapper)[pri:0, instance:Runner.TestRunner@782859e]" started-at="2023-08-23T17:05:20 IST" name="runScenario" description="Runs Cucumber Scenarios" data-provider="scenarios" finished-at="2023-08-23T17:05:34 IST" duration-ms="13758" status="PASS">
          <params>
            <param index="0">
              <value>
                <![CDATA["Change category"]]>
              </value>
            </param>
            <param index="1">
              <value>
                <![CDATA["Findings page"]]>
              </value>
            </param>
          </params>
          <reporter-output>
          </reporter-output>
        </test-method> <!-- runScenario -->
        <test-method signature="runScenario(io.cucumber.testng.PickleWrapper,io.cucumber.testng.FeatureWrapper)[pri:0, instance:Runner.TestRunner@782859e]" started-at="2023-08-23T17:05:34 IST" name="runScenario" description="Runs Cucumber Scenarios" data-provider="scenarios" finished-at="2023-08-23T17:05:48 IST" duration-ms="13967" status="PASS">
          <params>
            <param index="0">
              <value>
                <![CDATA["Change owner"]]>
              </value>
            </param>
            <param index="1">
              <value>
                <![CDATA["Findings page"]]>
              </value>
            </param>
          </params>
          <reporter-output>
          </reporter-output>
        </test-method> <!-- runScenario -->
        <test-method signature="runScenario(io.cucumber.testng.PickleWrapper,io.cucumber.testng.FeatureWrapper)[pri:0, instance:Runner.TestRunner@782859e]" started-at="2023-08-23T17:05:48 IST" name="runScenario" description="Runs Cucumber Scenarios" data-provider="scenarios" finished-at="2023-08-23T17:06:29 IST" duration-ms="41538" status="PASS">
          <params>
            <param index="0">
              <value>
                <![CDATA["Accept risk three times"]]>
              </value>
            </param>
            <param index="1">
              <value>
                <![CDATA["Findings page"]]>
              </value>
            </param>
          </params>
          <reporter-output>
          </reporter-output>
        </test-method> <!-- runScenario -->
        <test-method signature="runScenario(io.cucumber.testng.PickleWrapper,io.cucumber.testng.FeatureWrapper)[pri:0, instance:Runner.TestRunner@782859e]" started-at="2023-08-23T17:06:29 IST" name="runScenario" description="Runs Cucumber Scenarios" data-provider="scenarios" finished-at="2023-08-23T17:06:52 IST" duration-ms="22721" status="PASS">
          <params>
            <param index="0">
              <value>
                <![CDATA["mitigated for custon finding"]]>
              </value>
            </param>
            <param index="1">
              <value>
                <![CDATA["Findings page"]]>
              </value>
            </param>
          </params>
          <reporter-output>
          </reporter-output>
        </test-method> <!-- runScenario -->
        <test-method signature="runScenario(io.cucumber.testng.PickleWrapper,io.cucumber.testng.FeatureWrapper)[pri:0, instance:Runner.TestRunner@782859e]" started-at="2023-08-23T17:06:52 IST" name="runScenario" description="Runs Cucumber Scenarios" data-provider="scenarios" finished-at="2023-08-23T17:07:14 IST" duration-ms="22201" status="PASS">
          <params>
            <param index="0">
              <value>
                <![CDATA["Change Summary"]]>
              </value>
            </param>
            <param index="1">
              <value>
                <![CDATA["Findings page"]]>
              </value>
            </param>
          </params>
          <reporter-output>
          </reporter-output>
        </test-method> <!-- runScenario -->
        <test-method signature="runScenario(io.cucumber.testng.PickleWrapper,io.cucumber.testng.FeatureWrapper)[pri:0, instance:Runner.TestRunner@782859e]" started-at="2023-08-23T17:07:14 IST" name="runScenario" description="Runs Cucumber Scenarios" data-provider="scenarios" finished-at="2023-08-23T17:07:24 IST" duration-ms="9610" status="PASS">
          <params>
            <param index="0">
              <value>
                <![CDATA["Add tags"]]>
              </value>
            </param>
            <param index="1">
              <value>
                <![CDATA["Findings page"]]>
              </value>
            </param>
          </params>
          <reporter-output>
          </reporter-output>
        </test-method> <!-- runScenario -->
        <test-method signature="runScenario(io.cucumber.testng.PickleWrapper,io.cucumber.testng.FeatureWrapper)[pri:0, instance:Runner.TestRunner@782859e]" started-at="2023-08-23T17:07:24 IST" name="runScenario" description="Runs Cucumber Scenarios" data-provider="scenarios" finished-at="2023-08-23T17:07:36 IST" duration-ms="12609" status="PASS">
          <params>
            <param index="0">
              <value>
                <![CDATA["Edit tags"]]>
              </value>
            </param>
            <param index="1">
              <value>
                <![CDATA["Findings page"]]>
              </value>
            </param>
          </params>
          <reporter-output>
          </reporter-output>
        </test-method> <!-- runScenario -->
        <test-method signature="runScenario(io.cucumber.testng.PickleWrapper,io.cucumber.testng.FeatureWrapper)[pri:0, instance:Runner.TestRunner@782859e]" started-at="2023-08-23T17:07:36 IST" name="runScenario" description="Runs Cucumber Scenarios" data-provider="scenarios" finished-at="2023-08-23T17:07:52 IST" duration-ms="15155" status="PASS">
          <params>
            <param index="0">
              <value>
                <![CDATA["Bucket False +ve"]]>
              </value>
            </param>
            <param index="1">
              <value>
                <![CDATA["Findings page"]]>
              </value>
            </param>
          </params>
          <reporter-output>
          </reporter-output>
        </test-method> <!-- runScenario -->
        <test-method signature="runScenario(io.cucumber.testng.PickleWrapper,io.cucumber.testng.FeatureWrapper)[pri:0, instance:Runner.TestRunner@782859e]" started-at="2023-08-23T17:07:52 IST" name="runScenario" description="Runs Cucumber Scenarios" data-provider="scenarios" finished-at="2023-08-23T17:08:07 IST" duration-ms="14893" status="PASS">
          <params>
            <param index="0">
              <value>
                <![CDATA["Change Category Bucket flow"]]>
              </value>
            </param>
            <param index="1">
              <value>
                <![CDATA["Findings page"]]>
              </value>
            </param>
          </params>
          <reporter-output>
          </reporter-output>
        </test-method> <!-- runScenario -->
        <test-method signature="runScenario(io.cucumber.testng.PickleWrapper,io.cucumber.testng.FeatureWrapper)[pri:0, instance:Runner.TestRunner@782859e]" started-at="2023-08-23T17:08:07 IST" name="runScenario" description="Runs Cucumber Scenarios" data-provider="scenarios" finished-at="2023-08-23T17:08:53 IST" duration-ms="46232" status="PASS">
          <params>
            <param index="0">
              <value>
                <![CDATA["Change Severity Bucket flow"]]>
              </value>
            </param>
            <param index="1">
              <value>
                <![CDATA["Findings page"]]>
              </value>
            </param>
          </params>
          <reporter-output>
          </reporter-output>
        </test-method> <!-- runScenario -->
        <test-method signature="runScenario(io.cucumber.testng.PickleWrapper,io.cucumber.testng.FeatureWrapper)[pri:0, instance:Runner.TestRunner@782859e]" started-at="2023-08-23T17:08:53 IST" name="runScenario" description="Runs Cucumber Scenarios" data-provider="scenarios" finished-at="2023-08-23T17:09:07 IST" duration-ms="13720" status="PASS">
          <params>
            <param index="0">
              <value>
                <![CDATA["Confirm Bucket flow"]]>
              </value>
            </param>
            <param index="1">
              <value>
                <![CDATA["Findings page"]]>
              </value>
            </param>
          </params>
          <reporter-output>
          </reporter-output>
        </test-method> <!-- runScenario -->
        <test-method signature="runScenario(io.cucumber.testng.PickleWrapper,io.cucumber.testng.FeatureWrapper)[pri:0, instance:Runner.TestRunner@782859e]" started-at="2023-08-23T17:09:07 IST" name="runScenario" description="Runs Cucumber Scenarios" data-provider="scenarios" finished-at="2023-08-23T17:09:19 IST" duration-ms="12191" status="PASS">
          <params>
            <param index="0">
              <value>
                <![CDATA["Change Due_date Bucket flow"]]>
              </value>
            </param>
            <param index="1">
              <value>
                <![CDATA["Findings page"]]>
              </value>
            </param>
          </params>
          <reporter-output>
          </reporter-output>
        </test-method> <!-- runScenario -->
        <test-method signature="runScenario(io.cucumber.testng.PickleWrapper,io.cucumber.testng.FeatureWrapper)[pri:0, instance:Runner.TestRunner@782859e]" started-at="2023-08-23T17:09:19 IST" name="runScenario" description="Runs Cucumber Scenarios" data-provider="scenarios" finished-at="2023-08-23T17:09:36 IST" duration-ms="17263" status="PASS">
          <params>
            <param index="0">
              <value>
                <![CDATA["Change owner Bucket flow"]]>
              </value>
            </param>
            <param index="1">
              <value>
                <![CDATA["Findings page"]]>
              </value>
            </param>
          </params>
          <reporter-output>
          </reporter-output>
        </test-method> <!-- runScenario -->
        <test-method signature="runScenario(io.cucumber.testng.PickleWrapper,io.cucumber.testng.FeatureWrapper)[pri:0, instance:Runner.TestRunner@782859e]" started-at="2023-08-23T17:09:36 IST" name="runScenario" description="Runs Cucumber Scenarios" data-provider="scenarios" finished-at="2023-08-23T17:09:48 IST" duration-ms="11544" status="PASS">
          <params>
            <param index="0">
              <value>
                <![CDATA["mitigated Bucket flow"]]>
              </value>
            </param>
            <param index="1">
              <value>
                <![CDATA["Findings page"]]>
              </value>
            </param>
          </params>
          <reporter-output>
          </reporter-output>
        </test-method> <!-- runScenario -->
        <test-method signature="runScenario(io.cucumber.testng.PickleWrapper,io.cucumber.testng.FeatureWrapper)[pri:0, instance:Runner.TestRunner@782859e]" started-at="2023-08-23T17:09:48 IST" name="runScenario" description="Runs Cucumber Scenarios" data-provider="scenarios" finished-at="2023-08-23T17:10:02 IST" duration-ms="14115" status="PASS">
          <params>
            <param index="0">
              <value>
                <![CDATA["Edit Basic Information Bucket flow"]]>
              </value>
            </param>
            <param index="1">
              <value>
                <![CDATA["Findings page"]]>
              </value>
            </param>
          </params>
          <reporter-output>
          </reporter-output>
        </test-method> <!-- runScenario -->
        <test-method signature="runScenario(io.cucumber.testng.PickleWrapper,io.cucumber.testng.FeatureWrapper)[pri:0, instance:Runner.TestRunner@782859e]" started-at="2023-08-23T17:10:02 IST" name="runScenario" description="Runs Cucumber Scenarios" data-provider="scenarios" finished-at="2023-08-23T17:10:15 IST" duration-ms="13362" status="PASS">
          <params>
            <param index="0">
              <value>
                <![CDATA["Bucket propose False +ve"]]>
              </value>
            </param>
            <param index="1">
              <value>
                <![CDATA["Findings page"]]>
              </value>
            </param>
          </params>
          <reporter-output>
          </reporter-output>
        </test-method> <!-- runScenario -->
        <test-method signature="runScenario(io.cucumber.testng.PickleWrapper,io.cucumber.testng.FeatureWrapper)[pri:0, instance:Runner.TestRunner@782859e]" started-at="2023-08-23T17:10:15 IST" name="runScenario" description="Runs Cucumber Scenarios" data-provider="scenarios" finished-at="2023-08-23T17:10:28 IST" duration-ms="13118" status="PASS">
          <params>
            <param index="0">
              <value>
                <![CDATA["Bucket propose Accept Risk"]]>
              </value>
            </param>
            <param index="1">
              <value>
                <![CDATA["Findings page"]]>
              </value>
            </param>
          </params>
          <reporter-output>
          </reporter-output>
        </test-method> <!-- runScenario -->
        <test-method signature="runScenario(io.cucumber.testng.PickleWrapper,io.cucumber.testng.FeatureWrapper)[pri:0, instance:Runner.TestRunner@782859e]" started-at="2023-08-23T17:10:28 IST" name="runScenario" description="Runs Cucumber Scenarios" data-provider="scenarios" finished-at="2023-08-23T17:10:42 IST" duration-ms="13805" status="PASS">
          <params>
            <param index="0">
              <value>
                <![CDATA["Bucket propose owner"]]>
              </value>
            </param>
            <param index="1">
              <value>
                <![CDATA["Findings page"]]>
              </value>
            </param>
          </params>
          <reporter-output>
          </reporter-output>
        </test-method> <!-- runScenario -->
        <test-method signature="runScenario(io.cucumber.testng.PickleWrapper,io.cucumber.testng.FeatureWrapper)[pri:0, instance:Runner.TestRunner@782859e]" started-at="2023-08-23T17:10:42 IST" name="runScenario" description="Runs Cucumber Scenarios" data-provider="scenarios" finished-at="2023-08-23T17:10:54 IST" duration-ms="11610" status="PASS">
          <params>
            <param index="0">
              <value>
                <![CDATA["Bucket propose Duedate"]]>
              </value>
            </param>
            <param index="1">
              <value>
                <![CDATA["Findings page"]]>
              </value>
            </param>
          </params>
          <reporter-output>
          </reporter-output>
        </test-method> <!-- runScenario -->
        <test-method signature="runScenario(io.cucumber.testng.PickleWrapper,io.cucumber.testng.FeatureWrapper)[pri:0, instance:Runner.TestRunner@782859e]" started-at="2023-08-23T17:10:54 IST" name="runScenario" description="Runs Cucumber Scenarios" data-provider="scenarios" finished-at="2023-08-23T17:11:06 IST" duration-ms="12767" status="PASS">
          <params>
            <param index="0">
              <value>
                <![CDATA["Bucket propose Severity"]]>
              </value>
            </param>
            <param index="1">
              <value>
                <![CDATA["Findings page"]]>
              </value>
            </param>
          </params>
          <reporter-output>
          </reporter-output>
        </test-method> <!-- runScenario -->
        <test-method signature="runScenario(io.cucumber.testng.PickleWrapper,io.cucumber.testng.FeatureWrapper)[pri:0, instance:Runner.TestRunner@782859e]" started-at="2023-08-23T17:11:06 IST" name="runScenario" description="Runs Cucumber Scenarios" data-provider="scenarios" finished-at="2023-08-23T17:11:21 IST" duration-ms="14390" status="PASS">
          <params>
            <param index="0">
              <value>
                <![CDATA["Bucket propose Category"]]>
              </value>
            </param>
            <param index="1">
              <value>
                <![CDATA["Findings page"]]>
              </value>
            </param>
          </params>
          <reporter-output>
          </reporter-output>
        </test-method> <!-- runScenario -->
        <test-method signature="runScenario(io.cucumber.testng.PickleWrapper,io.cucumber.testng.FeatureWrapper)[pri:0, instance:Runner.TestRunner@782859e]" started-at="2023-08-23T17:11:21 IST" name="runScenario" description="Runs Cucumber Scenarios" data-provider="scenarios" finished-at="2023-08-23T17:11:36 IST" duration-ms="15523" status="PASS">
          <params>
            <param index="0">
              <value>
                <![CDATA["Bucket propose Accept"]]>
              </value>
            </param>
            <param index="1">
              <value>
                <![CDATA["Findings page"]]>
              </value>
            </param>
          </params>
          <reporter-output>
          </reporter-output>
        </test-method> <!-- runScenario -->
        <test-method signature="runScenario(io.cucumber.testng.PickleWrapper,io.cucumber.testng.FeatureWrapper)[pri:0, instance:Runner.TestRunner@782859e]" started-at="2023-08-23T17:11:36 IST" name="runScenario" description="Runs Cucumber Scenarios" data-provider="scenarios" finished-at="2023-08-23T17:11:53 IST" duration-ms="16968" status="PASS">
          <params>
            <param index="0">
              <value>
                <![CDATA["Bucket propose Reject"]]>
              </value>
            </param>
            <param index="1">
              <value>
                <![CDATA["Findings page"]]>
              </value>
            </param>
          </params>
          <reporter-output>
          </reporter-output>
        </test-method> <!-- runScenario -->
        <test-method signature="runScenario(io.cucumber.testng.PickleWrapper,io.cucumber.testng.FeatureWrapper)[pri:0, instance:Runner.TestRunner@782859e]" started-at="2023-08-23T17:11:53 IST" name="runScenario" description="Runs Cucumber Scenarios" data-provider="scenarios" finished-at="2023-08-23T17:12:11 IST" duration-ms="17484" status="PASS">
          <params>
            <param index="0">
              <value>
                <![CDATA["Bucket propose Mitigated"]]>
              </value>
            </param>
            <param index="1">
              <value>
                <![CDATA["Findings page"]]>
              </value>
            </param>
          </params>
          <reporter-output>
          </reporter-output>
        </test-method> <!-- runScenario -->
        <test-method signature="runScenario(io.cucumber.testng.PickleWrapper,io.cucumber.testng.FeatureWrapper)[pri:0, instance:Runner.TestRunner@782859e]" started-at="2023-08-23T17:12:11 IST" name="runScenario" description="Runs Cucumber Scenarios" data-provider="scenarios" finished-at="2023-08-23T17:12:26 IST" duration-ms="14958" status="PASS">
          <params>
            <param index="0">
              <value>
                <![CDATA["Bucket propose Basic Information"]]>
              </value>
            </param>
            <param index="1">
              <value>
                <![CDATA["Findings page"]]>
              </value>
            </param>
          </params>
          <reporter-output>
          </reporter-output>
        </test-method> <!-- runScenario -->
        <test-method signature="runScenario(io.cucumber.testng.PickleWrapper,io.cucumber.testng.FeatureWrapper)[pri:0, instance:Runner.TestRunner@782859e]" started-at="2023-08-23T17:12:26 IST" name="runScenario" description="Runs Cucumber Scenarios" data-provider="scenarios" finished-at="2023-08-23T17:12:45 IST" duration-ms="19454" status="PASS">
          <params>
            <param index="0">
              <value>
                <![CDATA["Propse mitigated normal flow"]]>
              </value>
            </param>
            <param index="1">
              <value>
                <![CDATA["Findings page"]]>
              </value>
            </param>
          </params>
          <reporter-output>
          </reporter-output>
        </test-method> <!-- runScenario -->
        <test-method signature="runScenario(io.cucumber.testng.PickleWrapper,io.cucumber.testng.FeatureWrapper)[pri:0, instance:Runner.TestRunner@782859e]" started-at="2023-08-23T17:12:45 IST" name="runScenario" description="Runs Cucumber Scenarios" data-provider="scenarios" finished-at="2023-08-23T17:12:51 IST" duration-ms="5927" status="PASS">
          <params>
            <param index="0">
              <value>
                <![CDATA["Navigate to login page."]]>
              </value>
            </param>
            <param index="1">
              <value>
                <![CDATA["Login Screen"]]>
              </value>
            </param>
          </params>
          <reporter-output>
          </reporter-output>
        </test-method> <!-- runScenario -->
        <test-method signature="runScenario(io.cucumber.testng.PickleWrapper,io.cucumber.testng.FeatureWrapper)[pri:0, instance:Runner.TestRunner@782859e]" started-at="2023-08-23T17:12:51 IST" name="runScenario" description="Runs Cucumber Scenarios" data-provider="scenarios" finished-at="2023-08-23T17:13:18 IST" duration-ms="27330" status="PASS">
          <params>
            <param index="0">
              <value>
                <![CDATA["Microsoft Login"]]>
              </value>
            </param>
            <param index="1">
              <value>
                <![CDATA["Login Screen"]]>
              </value>
            </param>
          </params>
          <reporter-output>
          </reporter-output>
        </test-method> <!-- runScenario -->
        <test-method signature="runScenario(io.cucumber.testng.PickleWrapper,io.cucumber.testng.FeatureWrapper)[pri:0, instance:Runner.TestRunner@782859e]" started-at="2023-08-23T17:13:18 IST" name="runScenario" description="Runs Cucumber Scenarios" data-provider="scenarios" finished-at="2023-08-23T17:13:21 IST" duration-ms="2230" status="PASS">
          <params>
            <param index="0">
              <value>
                <![CDATA["logout"]]>
              </value>
            </param>
            <param index="1">
              <value>
                <![CDATA["Login Screen"]]>
              </value>
            </param>
          </params>
          <reporter-output>
          </reporter-output>
        </test-method> <!-- runScenario -->
        <test-method signature="runScenario(io.cucumber.testng.PickleWrapper,io.cucumber.testng.FeatureWrapper)[pri:0, instance:Runner.TestRunner@782859e]" started-at="2023-08-23T17:13:21 IST" name="runScenario" description="Runs Cucumber Scenarios" data-provider="scenarios" finished-at="2023-08-23T17:13:37 IST" duration-ms="16849" status="PASS">
          <params>
            <param index="0">
              <value>
                <![CDATA["Login to application"]]>
              </value>
            </param>
            <param index="1">
              <value>
                <![CDATA["Scans module"]]>
              </value>
            </param>
          </params>
          <reporter-output>
          </reporter-output>
        </test-method> <!-- runScenario -->
        <test-method signature="runScenario(io.cucumber.testng.PickleWrapper,io.cucumber.testng.FeatureWrapper)[pri:0, instance:Runner.TestRunner@782859e]" started-at="2023-08-23T17:13:37 IST" name="runScenario" description="Runs Cucumber Scenarios" data-provider="scenarios" finished-at="2023-08-23T17:14:00 IST" duration-ms="23072" status="PASS">
          <params>
            <param index="0">
              <value>
                <![CDATA["verify upload scan functionality sucess scan"]]>
              </value>
            </param>
            <param index="1">
              <value>
                <![CDATA["Scans module"]]>
              </value>
            </param>
          </params>
          <reporter-output>
          </reporter-output>
        </test-method> <!-- runScenario -->
        <test-method signature="runScenario(io.cucumber.testng.PickleWrapper,io.cucumber.testng.FeatureWrapper)[pri:0, instance:Runner.TestRunner@782859e]" started-at="2023-08-23T17:14:00 IST" name="runScenario" description="Runs Cucumber Scenarios" data-provider="scenarios" finished-at="2023-08-23T17:14:31 IST" duration-ms="30385" status="PASS">
          <params>
            <param index="0">
              <value>
                <![CDATA["Check pagination"]]>
              </value>
            </param>
            <param index="1">
              <value>
                <![CDATA["Scans module"]]>
              </value>
            </param>
          </params>
          <reporter-output>
          </reporter-output>
        </test-method> <!-- runScenario -->
        <test-method signature="runScenario(io.cucumber.testng.PickleWrapper,io.cucumber.testng.FeatureWrapper)[pri:0, instance:Runner.TestRunner@782859e]" started-at="2023-08-23T17:14:31 IST" name="runScenario" description="Runs Cucumber Scenarios" data-provider="scenarios" finished-at="2023-08-23T17:14:35 IST" duration-ms="4168" status="PASS">
          <params>
            <param index="0">
              <value>
                <![CDATA["Sorting functionality"]]>
              </value>
            </param>
            <param index="1">
              <value>
                <![CDATA["Scans module"]]>
              </value>
            </param>
          </params>
          <reporter-output>
          </reporter-output>
        </test-method> <!-- runScenario -->
        <test-method signature="runScenario(io.cucumber.testng.PickleWrapper,io.cucumber.testng.FeatureWrapper)[pri:0, instance:Runner.TestRunner@782859e]" started-at="2023-08-23T17:14:35 IST" name="runScenario" description="Runs Cucumber Scenarios" data-provider="scenarios" finished-at="2023-08-23T17:14:41 IST" duration-ms="5605" status="PASS">
          <params>
            <param index="0">
              <value>
                <![CDATA["Verify Export Report button"]]>
              </value>
            </param>
            <param index="1">
              <value>
                <![CDATA["Scans module"]]>
              </value>
            </param>
          </params>
          <reporter-output>
          </reporter-output>
        </test-method> <!-- runScenario -->
        <test-method signature="runScenario(io.cucumber.testng.PickleWrapper,io.cucumber.testng.FeatureWrapper)[pri:0, instance:Runner.TestRunner@782859e]" started-at="2023-08-23T17:14:41 IST" name="runScenario" description="Runs Cucumber Scenarios" data-provider="scenarios" finished-at="2023-08-23T17:14:54 IST" duration-ms="13840" status="PASS">
          <params>
            <param index="0">
              <value>
                <![CDATA["Verify Result details"]]>
              </value>
            </param>
            <param index="1">
              <value>
                <![CDATA["Scans module"]]>
              </value>
            </param>
          </params>
          <reporter-output>
          </reporter-output>
        </test-method> <!-- runScenario -->
        <test-method signature="runScenario(io.cucumber.testng.PickleWrapper,io.cucumber.testng.FeatureWrapper)[pri:0, instance:Runner.TestRunner@782859e]" started-at="2023-08-23T17:14:54 IST" name="runScenario" description="Runs Cucumber Scenarios" data-provider="scenarios" finished-at="2023-08-23T17:14:57 IST" duration-ms="2677" status="PASS">
          <params>
            <param index="0">
              <value>
                <![CDATA["Verify upload scan button"]]>
              </value>
            </param>
            <param index="1">
              <value>
                <![CDATA["Scans module"]]>
              </value>
            </param>
          </params>
          <reporter-output>
          </reporter-output>
        </test-method> <!-- runScenario -->
        <test-method signature="runScenario(io.cucumber.testng.PickleWrapper,io.cucumber.testng.FeatureWrapper)[pri:0, instance:Runner.TestRunner@782859e]" started-at="2023-08-23T17:14:57 IST" name="runScenario" description="Runs Cucumber Scenarios" data-provider="scenarios" finished-at="2023-08-23T17:15:01 IST" duration-ms="3371" status="PASS">
          <params>
            <param index="0">
              <value>
                <![CDATA["Check file name is shown when hovered on download report button"]]>
              </value>
            </param>
            <param index="1">
              <value>
                <![CDATA["Scans module"]]>
              </value>
            </param>
          </params>
          <reporter-output>
          </reporter-output>
        </test-method> <!-- runScenario -->
        <test-method signature="runScenario(io.cucumber.testng.PickleWrapper,io.cucumber.testng.FeatureWrapper)[pri:0, instance:Runner.TestRunner@782859e]" started-at="2023-08-23T17:15:01 IST" name="runScenario" description="Runs Cucumber Scenarios" data-provider="scenarios" finished-at="2023-08-23T17:15:04 IST" duration-ms="2982" status="PASS">
          <params>
            <param index="0">
              <value>
                <![CDATA["Check the inbuilt refresh button"]]>
              </value>
            </param>
            <param index="1">
              <value>
                <![CDATA["Scans module"]]>
              </value>
            </param>
          </params>
          <reporter-output>
          </reporter-output>
        </test-method> <!-- runScenario -->
        <test-method signature="runScenario(io.cucumber.testng.PickleWrapper,io.cucumber.testng.FeatureWrapper)[pri:0, instance:Runner.TestRunner@782859e]" started-at="2023-08-23T17:15:04 IST" name="runScenario" description="Runs Cucumber Scenarios" data-provider="scenarios" finished-at="2023-08-23T17:15:24 IST" duration-ms="20451" status="PASS">
          <params>
            <param index="0">
              <value>
                <![CDATA["verify upload scan functionality unsucess scan"]]>
              </value>
            </param>
            <param index="1">
              <value>
                <![CDATA["Scans module"]]>
              </value>
            </param>
          </params>
          <reporter-output>
          </reporter-output>
        </test-method> <!-- runScenario -->
        <test-method signature="runScenario(io.cucumber.testng.PickleWrapper,io.cucumber.testng.FeatureWrapper)[pri:0, instance:Runner.TestRunner@782859e]" started-at="2023-08-23T17:15:24 IST" name="runScenario" description="Runs Cucumber Scenarios" data-provider="scenarios" finished-at="2023-08-23T17:15:34 IST" duration-ms="10054" status="PASS">
          <params>
            <param index="0">
              <value>
                <![CDATA["Check conection of scan tool"]]>
              </value>
            </param>
            <param index="1">
              <value>
                <![CDATA["Scans module"]]>
              </value>
            </param>
          </params>
          <reporter-output>
          </reporter-output>
        </test-method> <!-- runScenario -->
        <test-method signature="runScenario(io.cucumber.testng.PickleWrapper,io.cucumber.testng.FeatureWrapper)[pri:0, instance:Runner.TestRunner@782859e]" started-at="2023-08-23T17:15:34 IST" name="runScenario" description="Runs Cucumber Scenarios" data-provider="scenarios" finished-at="2023-08-23T17:15:43 IST" duration-ms="8923" status="PASS">
          <params>
            <param index="0">
              <value>
                <![CDATA["Ensure tooltip are present"]]>
              </value>
            </param>
            <param index="1">
              <value>
                <![CDATA["Scans module"]]>
              </value>
            </param>
          </params>
          <reporter-output>
          </reporter-output>
        </test-method> <!-- runScenario -->
        <test-method signature="runScenario(io.cucumber.testng.PickleWrapper,io.cucumber.testng.FeatureWrapper)[pri:0, instance:Runner.TestRunner@782859e]" started-at="2023-08-23T17:15:43 IST" name="runScenario" description="Runs Cucumber Scenarios" data-provider="scenarios" finished-at="2023-08-23T17:15:47 IST" duration-ms="3699" status="PASS">
          <params>
            <param index="0">
              <value>
                <![CDATA["verify upload scan functionality without entering any inputs"]]>
              </value>
            </param>
            <param index="1">
              <value>
                <![CDATA["Scans module"]]>
              </value>
            </param>
          </params>
          <reporter-output>
          </reporter-output>
        </test-method> <!-- runScenario -->
        <test-method signature="runScenario(io.cucumber.testng.PickleWrapper,io.cucumber.testng.FeatureWrapper)[pri:0, instance:Runner.TestRunner@782859e]" started-at="2023-08-23T17:15:47 IST" name="runScenario" description="Runs Cucumber Scenarios" data-provider="scenarios" finished-at="2023-08-23T17:15:52 IST" duration-ms="5206" status="PASS">
          <params>
            <param index="0">
              <value>
                <![CDATA["verify upload scan functionality without entering product and subproduct inputs"]]>
              </value>
            </param>
            <param index="1">
              <value>
                <![CDATA["Scans module"]]>
              </value>
            </param>
          </params>
          <reporter-output>
          </reporter-output>
        </test-method> <!-- runScenario -->
        <test-method signature="runScenario(io.cucumber.testng.PickleWrapper,io.cucumber.testng.FeatureWrapper)[pri:0, instance:Runner.TestRunner@782859e]" started-at="2023-08-23T17:15:52 IST" name="runScenario" description="Runs Cucumber Scenarios" data-provider="scenarios" finished-at="2023-08-23T17:15:57 IST" duration-ms="5113" status="PASS">
          <params>
            <param index="0">
              <value>
                <![CDATA["verify upload scan functionality without entering scantool inputs"]]>
              </value>
            </param>
            <param index="1">
              <value>
                <![CDATA["Scans module"]]>
              </value>
            </param>
          </params>
          <reporter-output>
          </reporter-output>
        </test-method> <!-- runScenario -->
        <test-method signature="runScenario(io.cucumber.testng.PickleWrapper,io.cucumber.testng.FeatureWrapper)[pri:0, instance:Runner.TestRunner@782859e]" started-at="2023-08-23T17:15:57 IST" name="runScenario" description="Runs Cucumber Scenarios" data-provider="scenarios" finished-at="2023-08-23T17:16:03 IST" duration-ms="6023" status="PASS">
          <params>
            <param index="0">
              <value>
                <![CDATA["Check .exe file accepting in upload scan"]]>
              </value>
            </param>
            <param index="1">
              <value>
                <![CDATA["Scans module"]]>
              </value>
            </param>
          </params>
          <reporter-output>
          </reporter-output>
        </test-method> <!-- runScenario -->
        <test-method signature="runScenario(io.cucumber.testng.PickleWrapper,io.cucumber.testng.FeatureWrapper)[pri:0, instance:Runner.TestRunner@782859e]" started-at="2023-08-23T17:16:03 IST" name="runScenario" description="Runs Cucumber Scenarios" data-provider="scenarios" finished-at="2023-08-23T17:16:09 IST" duration-ms="5635" status="PASS">
          <params>
            <param index="0">
              <value>
                <![CDATA["To verify Upload scan with empty file."]]>
              </value>
            </param>
            <param index="1">
              <value>
                <![CDATA["Scans module"]]>
              </value>
            </param>
          </params>
          <reporter-output>
          </reporter-output>
        </test-method> <!-- runScenario -->
        <test-method is-config="true" signature="tearDownClass()[pri:0, instance:Runner.TestRunner@782859e]" started-at="2023-08-23T17:16:09 IST" name="tearDownClass" finished-at="2023-08-23T17:16:11 IST" duration-ms="2469" status="PASS">
          <reporter-output>
          </reporter-output>
        </test-method> <!-- tearDownClass -->
      </class> <!-- Runner.TestRunner -->
    </test> <!-- Default test -->
  </suite> <!-- Default suite -->
</testng-results>
